[trace]`2017-10-29 19:09:00`atest
[debug]`2017-10-29 19:09:00`atest
[info]`2017-10-29 19:09:00`atest
[warning]`2017-10-29 19:09:00`atest
[error]`2017-10-29 19:09:00`atest
[fatal]`2017-10-29 19:09:00`atest
[trace]`2017-10-29 19:10:30`atest
[debug]`2017-10-29 19:10:30`atest
[info]`2017-10-29 19:10:30`atest
[warning]`2017-10-29 19:10:30`atest
[error]`2017-10-29 19:10:30`atest
[fatal]`2017-10-29 19:10:30`atest
[trace]`2017-10-29 19:15:42`atest
[debug]`2017-10-29 19:15:42`atest
[info]`2017-10-29 19:15:42`atest
[warning]`2017-10-29 19:15:42`atest
[error]`2017-10-29 19:15:42`atest
[fatal]`2017-10-29 19:15:42`atest
[trace]`2017-10-29 19:18:34`atest
[debug]`2017-10-29 19:18:34`atest
[info]`2017-10-29 19:18:34`atest
[warning]`2017-10-29 19:18:34`atest
[error]`2017-10-29 19:18:34`atest
[fatal]`2017-10-29 19:18:34`atest
[trace]||/Users/kang/Documents/CppProject/xcode/mylib/mylib/klog.c:201||2017-10-29 19:18:34||atest